[debug] [2017-12-24T06:31:56.811Z] ----------------------------------------------------------------------
[debug] [2017-12-24T06:31:56.813Z] Command:       /usr/local/bin/node /usr/local/bin/firebase deploy --only functions
[debug] [2017-12-24T06:31:56.813Z] CLI Version:   3.13.1
[debug] [2017-12-24T06:31:56.813Z] Platform:      darwin
[debug] [2017-12-24T06:31:56.813Z] Node Version:  v8.4.0
[debug] [2017-12-24T06:31:56.815Z] Time:          Sun Dec 24 2017 15:31:56 GMT+0900 (KST)
[debug] [2017-12-24T06:31:56.815Z] ----------------------------------------------------------------------
[debug] 
[debug] [2017-12-24T06:31:56.828Z] > command requires scopes: ["email","openid","https://www.googleapis.com/auth/cloudplatformprojects.readonly","https://www.googleapis.com/auth/firebase","https://www.googleapis.com/auth/cloud-platform"]
[debug] [2017-12-24T06:31:56.829Z] > authorizing via signed-in user
[debug] [2017-12-24T06:31:56.831Z] >>> HTTP REQUEST GET https://admin.firebase.com/v1/projects/next-js-react-wordpress  
 Sun Dec 24 2017 15:31:56 GMT+0900 (KST)
[debug] [2017-12-24T06:31:58.309Z] <<< HTTP RESPONSE 200
[debug] [2017-12-24T06:31:58.309Z] >>> HTTP REQUEST GET https://admin.firebase.com/v1/database/next-js-react-wordpress/tokens  
 Sun Dec 24 2017 15:31:58 GMT+0900 (KST)
[debug] [2017-12-24T06:31:59.626Z] <<< HTTP RESPONSE 200
[info] 1
[info] 
[info] === Deploying to 'next-js-react-wordpress'...
[info] 
[info] i  deploying functions
[debug] [2017-12-24T06:32:00.839Z] > [functions] package.json contents: {
  "name": "functions",
  "description": "Cloud Functions for Firebase",
  "dependencies": {
    "antd": "^3.0.3",
    "babel-plugin-import": "^1.6.3",
    "babel-polyfill": "6.23.0",
    "chalk": "1.1.3",
    "compression": "1.6.2",
    "cross-env": "5.0.0",
    "express": "4.15.3",
    "firebase-admin": "~5.4.0",
    "firebase-functions": "^0.7.0",
    "fontfaceobserver": "2.0.9",
    "history": "4.6.3",
    "hoist-non-react-statics": "2.1.1",
    "immutable": "3.8.1",
    "intl": "1.2.5",
    "invariant": "2.2.2",
    "ip": "1.1.5",
    "lodash": "4.17.4",
    "minimist": "1.2.0",
    "next": "^4.2.1",
    "postcss": "^6.0.14",
    "postcss-cssnext": "^3.0.2",
    "postcss-each": "^0.10.0",
    "postcss-import": "8.1.0",
    "postcss-loader": "^2.0.9",
    "postcss-mixins": "^6.2.0",
    "prop-types": "15.5.10",
    "react": "15.6.1",
    "react-dom": "15.6.1",
    "react-helmet": "5.1.3",
    "react-image-gallery": "^0.8.6",
    "react-images": "^0.5.13",
    "react-intl": "2.3.0",
    "react-loadable": "4.0.3",
    "react-redux": "5.0.5",
    "react-router-dom": "4.1.1",
    "react-router-redux": "5.0.0-alpha.6",
    "react-toolbox": "^2.0.0-beta.12",
    "react-toolbox-themr": "^1.0.2",
    "redux": "3.6.0",
    "redux-immutable": "4.0.0",
    "redux-saga": "0.15.3",
    "reselect": "3.0.1",
    "sanitize.css": "4.1.0",
    "styled-components": "2.0.0",
    "warning": "3.0.0",
    "whatwg-fetch": "2.0.3"
  },
  "devDependencies": {
    "add-asset-html-webpack-plugin": "2.0.1",
    "babel-cli": "6.24.1",
    "babel-core": "6.24.1",
    "babel-eslint": "7.2.3",
    "babel-loader": "7.1.0",
    "babel-plugin-dynamic-import-node": "1.0.2",
    "babel-plugin-react-intl": "2.3.1",
    "babel-plugin-react-transform": "2.0.2",
    "babel-plugin-styled-components": "1.1.4",
    "babel-plugin-transform-es2015-modules-commonjs": "6.24.1",
    "babel-plugin-transform-react-constant-elements": "6.23.0",
    "babel-plugin-transform-react-inline-elements": "6.22.0",
    "babel-plugin-transform-react-remove-prop-types": "0.4.5",
    "babel-preset-env": "1.5.1",
    "babel-preset-react": "6.24.1",
    "babel-preset-stage-0": "6.24.1",
    "circular-dependency-plugin": "3.0.0",
    "coveralls": "2.13.1",
    "css-loader": "0.28.4",
    "enzyme": "2.8.2",
    "eslint": "3.19.0",
    "eslint-config-airbnb": "15.0.1",
    "eslint-config-airbnb-base": "11.2.0",
    "eslint-import-resolver-webpack": "0.8.3",
    "eslint-plugin-import": "2.7.0",
    "eslint-plugin-jsx-a11y": "5.0.3",
    "eslint-plugin-react": "7.0.1",
    "eslint-plugin-redux-saga": "0.3.0",
    "eventsource-polyfill": "0.9.6",
    "exports-loader": "0.6.4",
    "file-loader": "0.11.1",
    "html-loader": "0.4.5",
    "html-webpack-plugin": "2.29.0",
    "image-webpack-loader": "2.0.0",
    "imports-loader": "0.7.1",
    "jest-cli": "20.0.4",
    "lint-staged": "3.5.1",
    "ngrok": "2.2.9",
    "node-plop": "0.7.0",
    "null-loader": "0.1.1",
    "offline-plugin": "4.8.1",
    "plop": "1.8.0",
    "pre-commit": "1.2.2",
    "react-test-renderer": "15.6.1",
    "rimraf": "2.6.1",
    "shelljs": "0.7.7",
    "style-loader": "0.18.1",
    "url-loader": "0.5.8",
    "webpack": "3.5.5",
    "webpack-dev-middleware": "1.11.0",
    "webpack-hot-middleware": "2.18.0"
  },
  "private": true
}
[info] i  functions: ensuring necessary APIs are enabled...
[info] i  runtimeconfig: ensuring necessary APIs are enabled...
[debug] [2017-12-24T06:32:00.842Z] >>> HTTP REQUEST GET https://servicemanagement.googleapis.com/v1/services/cloudfunctions.googleapis.com/projectSettings/next-js-react-wordpress?view=CONSUMER_VIEW  
 Sun Dec 24 2017 15:32:00 GMT+0900 (KST)
[debug] [2017-12-24T06:32:00.842Z] >>> HTTP REQUEST GET https://servicemanagement.googleapis.com/v1/services/runtimeconfig.googleapis.com/projectSettings/next-js-react-wordpress?view=CONSUMER_VIEW  
 Sun Dec 24 2017 15:32:00 GMT+0900 (KST)
[debug] [2017-12-24T06:32:02.701Z] <<< HTTP RESPONSE 200
[info] ✔  runtimeconfig: all necessary APIs are enabled
[debug] [2017-12-24T06:32:02.767Z] <<< HTTP RESPONSE 200
[info] ✔  functions: all necessary APIs are enabled
[debug] [2017-12-24T06:32:02.768Z] >>> HTTP REQUEST GET https://appengine.googleapis.com/v1/apps/next-js-react-wordpress  
 Sun Dec 24 2017 15:32:02 GMT+0900 (KST)
[debug] [2017-12-24T06:32:02.769Z] >>> HTTP REQUEST GET https://apikeys.googleapis.com/v1/projects/next-js-react-wordpress/apiKeys  
 Sun Dec 24 2017 15:32:02 GMT+0900 (KST)
[debug] [2017-12-24T06:32:04.155Z] <<< HTTP RESPONSE 200
[debug] [2017-12-24T06:32:04.165Z] <<< HTTP RESPONSE 200
[info] i  functions: preparing functions directory for uploading...
[debug] [2017-12-24T06:32:41.480Z] >>> HTTP REQUEST GET https://runtimeconfig.googleapis.com/v1beta1/projects/next-js-react-wordpress/configs  
 Sun Dec 24 2017 15:32:41 GMT+0900 (KST)
[debug] [2017-12-24T06:32:42.128Z] <<< HTTP RESPONSE 200
[error] 
[error] Error: There was an unknown problem while trying to parse function triggers. Please ensure you are using Node.js v6 or greater.
[debug] [2017-12-24T06:34:07.236Z] ----------------------------------------------------------------------
[debug] [2017-12-24T06:34:07.239Z] Command:       /usr/local/bin/node /usr/local/bin/firebase deploy --only functions
[debug] [2017-12-24T06:34:07.239Z] CLI Version:   3.13.1
[debug] [2017-12-24T06:34:07.239Z] Platform:      darwin
[debug] [2017-12-24T06:34:07.239Z] Node Version:  v8.4.0
[debug] [2017-12-24T06:34:07.240Z] Time:          Sun Dec 24 2017 15:34:07 GMT+0900 (KST)
[debug] [2017-12-24T06:34:07.240Z] ----------------------------------------------------------------------
[debug] 
[debug] [2017-12-24T06:34:07.254Z] > command requires scopes: ["email","openid","https://www.googleapis.com/auth/cloudplatformprojects.readonly","https://www.googleapis.com/auth/firebase","https://www.googleapis.com/auth/cloud-platform"]
[debug] [2017-12-24T06:34:07.254Z] > authorizing via signed-in user
[debug] [2017-12-24T06:34:07.256Z] >>> HTTP REQUEST GET https://admin.firebase.com/v1/projects/next-js-react-wordpress  
 Sun Dec 24 2017 15:34:07 GMT+0900 (KST)
[debug] [2017-12-24T06:34:09.169Z] <<< HTTP RESPONSE 200
[debug] [2017-12-24T06:34:09.170Z] >>> HTTP REQUEST GET https://admin.firebase.com/v1/database/next-js-react-wordpress/tokens  
 Sun Dec 24 2017 15:34:09 GMT+0900 (KST)
[debug] [2017-12-24T06:34:24.010Z] <<< HTTP RESPONSE 200
[info] 1
[info] 
[info] === Deploying to 'next-js-react-wordpress'...
[info] 
[info] i  deploying functions
[debug] [2017-12-24T06:34:25.808Z] > [functions] package.json contents: {
  "name": "functions",
  "description": "Cloud Functions for Firebase",
  "dependencies": {
    "antd": "^3.0.3",
    "babel-plugin-import": "^1.6.3",
    "babel-polyfill": "6.23.0",
    "chalk": "1.1.3",
    "compression": "1.6.2",
    "cross-env": "5.0.0",
    "express": "4.15.3",
    "firebase-admin": "~5.4.0",
    "firebase-functions": "^0.7.0",
    "fontfaceobserver": "2.0.9",
    "history": "4.6.3",
    "hoist-non-react-statics": "2.1.1",
    "immutable": "3.8.1",
    "intl": "1.2.5",
    "invariant": "2.2.2",
    "ip": "1.1.5",
    "lodash": "4.17.4",
    "minimist": "1.2.0",
    "next": "^4.2.1",
    "postcss": "^6.0.14",
    "postcss-cssnext": "^3.0.2",
    "postcss-each": "^0.10.0",
    "postcss-import": "8.1.0",
    "postcss-loader": "^2.0.9",
    "postcss-mixins": "^6.2.0",
    "prop-types": "15.5.10",
    "react": "15.6.1",
    "react-dom": "15.6.1",
    "react-helmet": "5.1.3",
    "react-image-gallery": "^0.8.6",
    "react-images": "^0.5.13",
    "react-intl": "2.3.0",
    "react-loadable": "4.0.3",
    "react-redux": "5.0.5",
    "react-router-dom": "4.1.1",
    "react-router-redux": "5.0.0-alpha.6",
    "react-toolbox": "^2.0.0-beta.12",
    "react-toolbox-themr": "^1.0.2",
    "redux": "3.6.0",
    "redux-immutable": "4.0.0",
    "redux-saga": "0.15.3",
    "reselect": "3.0.1",
    "sanitize.css": "4.1.0",
    "styled-components": "2.0.0",
    "warning": "3.0.0",
    "whatwg-fetch": "2.0.3"
  },
  "devDependencies": {
    "add-asset-html-webpack-plugin": "2.0.1",
    "babel-cli": "6.24.1",
    "babel-core": "6.24.1",
    "babel-eslint": "7.2.3",
    "babel-loader": "7.1.0",
    "babel-plugin-dynamic-import-node": "1.0.2",
    "babel-plugin-react-intl": "2.3.1",
    "babel-plugin-react-transform": "2.0.2",
    "babel-plugin-styled-components": "1.1.4",
    "babel-plugin-transform-es2015-modules-commonjs": "6.24.1",
    "babel-plugin-transform-react-constant-elements": "6.23.0",
    "babel-plugin-transform-react-inline-elements": "6.22.0",
    "babel-plugin-transform-react-remove-prop-types": "0.4.5",
    "babel-preset-env": "1.5.1",
    "babel-preset-react": "6.24.1",
    "babel-preset-stage-0": "6.24.1",
    "circular-dependency-plugin": "3.0.0",
    "coveralls": "2.13.1",
    "css-loader": "0.28.4",
    "enzyme": "2.8.2",
    "eslint": "3.19.0",
    "eslint-config-airbnb": "15.0.1",
    "eslint-config-airbnb-base": "11.2.0",
    "eslint-import-resolver-webpack": "0.8.3",
    "eslint-plugin-import": "2.7.0",
    "eslint-plugin-jsx-a11y": "5.0.3",
    "eslint-plugin-react": "7.0.1",
    "eslint-plugin-redux-saga": "0.3.0",
    "eventsource-polyfill": "0.9.6",
    "exports-loader": "0.6.4",
    "file-loader": "0.11.1",
    "html-loader": "0.4.5",
    "html-webpack-plugin": "2.29.0",
    "image-webpack-loader": "2.0.0",
    "imports-loader": "0.7.1",
    "jest-cli": "20.0.4",
    "lint-staged": "3.5.1",
    "ngrok": "2.2.9",
    "node-plop": "0.7.0",
    "null-loader": "0.1.1",
    "offline-plugin": "4.8.1",
    "plop": "1.8.0",
    "pre-commit": "1.2.2",
    "react-test-renderer": "15.6.1",
    "rimraf": "2.6.1",
    "shelljs": "0.7.7",
    "style-loader": "0.18.1",
    "url-loader": "0.5.8",
    "webpack": "3.5.5",
    "webpack-dev-middleware": "1.11.0",
    "webpack-hot-middleware": "2.18.0"
  },
  "private": true
}
[info] i  functions: ensuring necessary APIs are enabled...
[info] i  runtimeconfig: ensuring necessary APIs are enabled...
[debug] [2017-12-24T06:34:25.809Z] >>> HTTP REQUEST GET https://servicemanagement.googleapis.com/v1/services/cloudfunctions.googleapis.com/projectSettings/next-js-react-wordpress?view=CONSUMER_VIEW  
 Sun Dec 24 2017 15:34:25 GMT+0900 (KST)
[debug] [2017-12-24T06:34:25.809Z] >>> HTTP REQUEST GET https://servicemanagement.googleapis.com/v1/services/runtimeconfig.googleapis.com/projectSettings/next-js-react-wordpress?view=CONSUMER_VIEW  
 Sun Dec 24 2017 15:34:25 GMT+0900 (KST)
[debug] [2017-12-24T06:34:27.604Z] <<< HTTP RESPONSE 200
[info] ✔  runtimeconfig: all necessary APIs are enabled
[debug] [2017-12-24T06:34:27.642Z] <<< HTTP RESPONSE 200
[info] ✔  functions: all necessary APIs are enabled
[debug] [2017-12-24T06:34:27.642Z] >>> HTTP REQUEST GET https://appengine.googleapis.com/v1/apps/next-js-react-wordpress  
 Sun Dec 24 2017 15:34:27 GMT+0900 (KST)
[debug] [2017-12-24T06:34:27.643Z] >>> HTTP REQUEST GET https://apikeys.googleapis.com/v1/projects/next-js-react-wordpress/apiKeys  
 Sun Dec 24 2017 15:34:27 GMT+0900 (KST)
[debug] [2017-12-24T06:34:29.027Z] <<< HTTP RESPONSE 200
[debug] [2017-12-24T06:34:29.044Z] <<< HTTP RESPONSE 200
[info] i  functions: preparing functions directory for uploading...
[debug] [2017-12-24T06:35:06.025Z] >>> HTTP REQUEST GET https://runtimeconfig.googleapis.com/v1beta1/projects/next-js-react-wordpress/configs  
 Sun Dec 24 2017 15:35:06 GMT+0900 (KST)
[debug] [2017-12-24T06:35:06.458Z] <<< HTTP RESPONSE 200
[error] 
[error] Error: There was an unknown problem while trying to parse function triggers. Please ensure you are using Node.js v6 or greater.
